<?xml version="1.0" encoding="UTF-8"?>
<!-- Generated by org.testng.reporters.JUnitReportReporter -->
<testsuite hostname="LAPTOP-HSPQSV91" failures="0" tests="3" name="Com.HelloFresh.ReadDataFromFile" time="89.621" errors="0" timestamp="28 Aug 2018 21:14:13 GMT" skipped="0">
  <testcase classname="Com.HelloFresh.ReadDataFromFile" name="setUp" time="21.364"/>
  <testcase classname="Com.HelloFresh.ReadDataFromFile" name="CheckoutTest" time="17.131"/>
  <testcase classname="Com.HelloFresh.ReadDataFromFile" name="GetDataFromExcel" time="51.126"/>
</testsuite> <!-- Com.HelloFresh.ReadDataFromFile -->
