<?xml version="1.0" encoding="UTF-8"?>
<!-- Generated by org.testng.reporters.JUnitReportReporter -->
<testsuite hostname="LAPTOP-HSPQSV91" failures="0" tests="3" name="Com.HelloFresh.CheckOutTest" time="91.846" errors="0" timestamp="28 Aug 2018 13:49:27 GMT" skipped="0">
  <testcase classname="Com.HelloFresh.CheckOutTest" name="setUp" time="53.341"/>
  <testcase classname="Com.HelloFresh.CheckOutTest" name="CheckoutTest" time="38.057"/>
  <testcase classname="Com.HelloFresh.CheckOutTest" name="closeApplication" time="0.448"/>
</testsuite> <!-- Com.HelloFresh.CheckOutTest -->
