<?xml version="1.0" encoding="UTF-8"?>
<!-- Generated by org.testng.reporters.JUnitReportReporter -->
<testsuite hostname="LAPTOP-HSPQSV91" failures="0" tests="6" name="Com.HelloFresh.RestAPIHelloFresh" time="16.891" errors="0" timestamp="03 Sep 2018 19:14:45 GMT" skipped="0">
  <testcase classname="Com.HelloFresh.RestAPIHelloFresh" name="testpresenceofUSDEGB" time="13.602"/>
  <testcase classname="Com.HelloFresh.RestAPIHelloFresh" name="testUSA" time="0.621"/>
  <testcase classname="Com.HelloFresh.RestAPIHelloFresh" name="testDE" time="0.562"/>
  <testcase classname="Com.HelloFresh.RestAPIHelloFresh" name="testGB" time="0.573"/>
  <testcase classname="Com.HelloFresh.RestAPIHelloFresh" name="testForPost" time="0.649"/>
  <testcase classname="Com.HelloFresh.RestAPIHelloFresh" name="testCountriesInList" time="0.884"/>
</testsuite> <!-- Com.HelloFresh.RestAPIHelloFresh -->
