<?xml version="1.0" encoding="UTF-8"?>
<!-- Generated by org.testng.reporters.JUnitReportReporter -->
<testsuite hostname="LAPTOP-HSPQSV91" failures="0" tests="1" name="Com.HelloFresh.JFairySignInTest" time="10.034" errors="0" timestamp="28 Aug 2018 01:46:28 GMT" skipped="0">
  <testcase classname="Com.HelloFresh.JFairySignInTest" name="signInTest" time="10.034"/>
</testsuite> <!-- Com.HelloFresh.JFairySignInTest -->
