<?xml version="1.0" encoding="UTF-8"?>
<!-- Generated by org.testng.reporters.JUnitReportReporter -->
<testsuite hostname="LAPTOP-HSPQSV91" failures="0" tests="1" name="Com.HelloFresh.SignInTest" time="9.000" errors="0" timestamp="28 Aug 2018 00:15:52 GMT" skipped="0">
  <testcase classname="Com.HelloFresh.SignInTest" name="signInTest" time="9.000"/>
</testsuite> <!-- Com.HelloFresh.SignInTest -->
