<?xml version="1.0" encoding="UTF-8"?>
<!-- Generated by org.testng.reporters.JUnitReportReporter -->
<testsuite hostname="LAPTOP-HSPQSV91" failures="0" tests="5" name="Com.HelloFresh.RestAPIHelloFresh" time="7.205" errors="0" timestamp="02 Sep 2018 19:15:04 GMT" skipped="0">
  <testcase classname="Com.HelloFresh.RestAPIHelloFresh" name="testpresenceofUSDEGB" time="4.940"/>
  <testcase classname="Com.HelloFresh.RestAPIHelloFresh" name="testUSA" time="0.534"/>
  <testcase classname="Com.HelloFresh.RestAPIHelloFresh" name="testDE" time="0.546"/>
  <testcase classname="Com.HelloFresh.RestAPIHelloFresh" name="testGB" time="0.540"/>
  <testcase classname="Com.HelloFresh.RestAPIHelloFresh" name="testForPost" time="0.645"/>
</testsuite> <!-- Com.HelloFresh.RestAPIHelloFresh -->
